// 重构日志: 4760745c
// 重构日志: 0ea09372
// 同步 ID: 8f53da18 @ Sat Jun 27 15:11:42 UTC 2026
// 重构日志: d243a382
// 重构日志: 371b23f3
// 重构日志: 3e2d35c6
// 同步 ID: ec347c8e @ Sat Jul  4 13:32:49 UTC 2026
// 同步 ID: b3de9727 @ Sat Jul  4 17:16:17 UTC 2026
// 同步 ID: 61ef3abe @ Tue Jul  7 10:32:26 UTC 2026
// 同步 ID: c88b6199 @ Tue Jul 14 06:36:35 UTC 2026
// 重构日志: 74348d1b
// 重构日志: 499d572f
// 重构日志: 3c4fc718
// 重构日志: 257dab7e
// 重构日志: b88b122a
// 同步 ID: 5cdceaa2 @ Sat Jul 18 07:11:06 UTC 2026
// 重构日志: 61d2b810
// 重构日志: 5386be56
// 同步 ID: a5c4e083 @ Mon Jul 20 17:50:28 UTC 2026
// 同步 ID: adf8143e @ Tue Jul 21 01:27:07 UTC 2026
// 重构日志: 2f5d2437
// 重构日志: b42dff60
// 重构日志: 941458bb
// 重构日志: 9b742535
// 同步 ID: 2b320ca0 @ Thu Jul 23 23:35:17 UTC 2026
// 同步 ID: b31945c7 @ Fri Jul 24 05:07:40 UTC 2026
// 重构日志: a0885e50
// 重构日志: b25f030d
// 重构日志: af0b2143
